AIoT/android/app/build/intermediates/manifest_merge_blame_file/debug/processDebugMainManifest/manifest-merger-blame-debug-report.txt
1<?xml version="1.0" encoding="utf-8"?>
2<manifest xmlns:android="http://schemas.android.com/apk/res/android"
3    package="com.rebloom.app"
4    android:versionCode="1"
5    android:versionName="1.0" >
6
7    <uses-sdk
8        android:minSdkVersion="26"
9        android:targetSdkVersion="35" />
10
11    <!-- BLE 권한 — Android 12+ -->
12    <uses-permission
12-->src\main\AndroidManifest.xml:5:5-7:58
13        android:name="android.permission.BLUETOOTH_SCAN"
13-->src\main\AndroidManifest.xml:6:9-57
14        android:usesPermissionFlags="neverForLocation" />
14-->src\main\AndroidManifest.xml:7:9-55
15    <uses-permission android:name="android.permission.BLUETOOTH_CONNECT" />
15-->src\main\AndroidManifest.xml:8:5-76
15-->src\main\AndroidManifest.xml:8:22-73
16    <!-- BLE 권한 — Android 11 이하 -->
17    <uses-permission
17-->src\main\AndroidManifest.xml:10:5-95
18        android:name="android.permission.BLUETOOTH"
18-->src\main\AndroidManifest.xml:10:22-65
19        android:maxSdkVersion="30" />
19-->src\main\AndroidManifest.xml:10:66-92
20    <uses-permission
20-->src\main\AndroidManifest.xml:11:5-101
21        android:name="android.permission.BLUETOOTH_ADMIN"
21-->src\main\AndroidManifest.xml:11:22-71
22        android:maxSdkVersion="30" />
22-->src\main\AndroidManifest.xml:11:72-98
23    <!-- 위치 권한 — BLE(Android 11 이하) 및 Wi-Fi 스캔 -->
24    <uses-permission android:name="android.permission.ACCESS_FINE_LOCATION" />
24-->src\main\AndroidManifest.xml:13:5-79
24-->src\main\AndroidManifest.xml:13:22-76
25    <uses-permission android:name="android.permission.ACCESS_COARSE_LOCATION" />
25-->src\main\AndroidManifest.xml:14:5-81
25-->src\main\AndroidManifest.xml:14:22-78
26    <!-- Wi-Fi 스캔 및 상태 읽기 -->
27    <uses-permission android:name="android.permission.ACCESS_WIFI_STATE" />
27-->src\main\AndroidManifest.xml:16:5-76
27-->src\main\AndroidManifest.xml:16:22-73
28    <uses-permission android:name="android.permission.CHANGE_WIFI_STATE" />
28-->src\main\AndroidManifest.xml:17:5-76
28-->src\main\AndroidManifest.xml:17:22-73
29    <uses-permission android:name="android.permission.ACCESS_NETWORK_STATE" />
29-->src\main\AndroidManifest.xml:18:5-79
29-->src\main\AndroidManifest.xml:18:22-76
30
31    <uses-feature
31-->src\main\AndroidManifest.xml:20:5-90
32        android:name="android.hardware.bluetooth_le"
32-->src\main\AndroidManifest.xml:20:19-63
33        android:required="true" />
33-->src\main\AndroidManifest.xml:20:64-87
34
35    <permission
35-->[androidx.core:core:1.13.0] AndroidManifest.xml:22:5-24:47
36        android:name="com.rebloom.app.DYNAMIC_RECEIVER_NOT_EXPORTED_PERMISSION"
36-->[androidx.core:core:1.13.0] AndroidManifest.xml:23:9-81
37        android:protectionLevel="signature" />
37-->[androidx.core:core:1.13.0] AndroidManifest.xml:24:9-44
38
39    <uses-permission android:name="com.rebloom.app.DYNAMIC_RECEIVER_NOT_EXPORTED_PERMISSION" />
39-->[androidx.core:core:1.13.0] AndroidManifest.xml:26:5-97
39-->[androidx.core:core:1.13.0] AndroidManifest.xml:26:22-94
40
41    <application
41-->src\main\AndroidManifest.xml:22:5-39:19
42        android:allowBackup="true"
42-->src\main\AndroidManifest.xml:23:9-35
43        android:appComponentFactory="androidx.core.app.CoreComponentFactory"
43-->[androidx.core:core:1.13.0] AndroidManifest.xml:28:18-86
44        android:debuggable="true"
45        android:extractNativeLibs="false"
46        android:icon="@mipmap/ic_launcher"
46-->src\main\AndroidManifest.xml:24:9-43
47        android:label="@string/app_name"
47-->src\main\AndroidManifest.xml:25:9-41
48        android:roundIcon="@mipmap/ic_launcher_round"
48-->src\main\AndroidManifest.xml:26:9-54
49        android:supportsRtl="true"
49-->src\main\AndroidManifest.xml:27:9-35
50        android:testOnly="true"
51        android:theme="@style/Theme.ReBlooom" >
51-->src\main\AndroidManifest.xml:28:9-46
52        <activity
52-->src\main\AndroidManifest.xml:30:9-37:20
53            android:name="com.rebloom.app.MainActivity"
53-->src\main\AndroidManifest.xml:31:13-41
54            android:exported="true" >
54-->src\main\AndroidManifest.xml:32:13-36
55            <intent-filter>
55-->src\main\AndroidManifest.xml:33:13-36:29
56                <action android:name="android.intent.action.MAIN" />
56-->src\main\AndroidManifest.xml:34:17-69
56-->src\main\AndroidManifest.xml:34:25-66
57
58                <category android:name="android.intent.category.LAUNCHER" />
58-->src\main\AndroidManifest.xml:35:17-77
58-->src\main\AndroidManifest.xml:35:27-74
59            </intent-filter>
60        </activity>
61
62        <provider
62-->[androidx.emoji2:emoji2:1.2.0] AndroidManifest.xml:24:9-32:20
63            android:name="androidx.startup.InitializationProvider"
63-->[androidx.emoji2:emoji2:1.2.0] AndroidManifest.xml:25:13-67
64            android:authorities="com.rebloom.app.androidx-startup"
64-->[androidx.emoji2:emoji2:1.2.0] AndroidManifest.xml:26:13-68
65            android:exported="false" >
65-->[androidx.emoji2:emoji2:1.2.0] AndroidManifest.xml:27:13-37
66            <meta-data
66-->[androidx.emoji2:emoji2:1.2.0] AndroidManifest.xml:29:13-31:52
67                android:name="androidx.emoji2.text.EmojiCompatInitializer"
67-->[androidx.emoji2:emoji2:1.2.0] AndroidManifest.xml:30:17-75
68                android:value="androidx.startup" />
68-->[androidx.emoji2:emoji2:1.2.0] AndroidManifest.xml:31:17-49
69            <meta-data
69-->[androidx.lifecycle:lifecycle-process:2.7.0] AndroidManifest.xml:29:13-31:52
70                android:name="androidx.lifecycle.ProcessLifecycleInitializer"
70-->[androidx.lifecycle:lifecycle-process:2.7.0] AndroidManifest.xml:30:17-78
71                android:value="androidx.startup" />
71-->[androidx.lifecycle:lifecycle-process:2.7.0] AndroidManifest.xml:31:17-49
72            <meta-data
72-->[androidx.profileinstaller:profileinstaller:1.3.1] AndroidManifest.xml:29:13-31:52
73                android:name="androidx.profileinstaller.ProfileInstallerInitializer"
73-->[androidx.profileinstaller:profileinstaller:1.3.1] AndroidManifest.xml:30:17-85
74                android:value="androidx.startup" />
74-->[androidx.profileinstaller:profileinstaller:1.3.1] AndroidManifest.xml:31:17-49
75        </provider>
76
77        <uses-library
77-->[androidx.window:window:1.0.0] AndroidManifest.xml:25:9-27:40
78            android:name="androidx.window.extensions"
78-->[androidx.window:window:1.0.0] AndroidManifest.xml:26:13-54
79            android:required="false" />
79-->[androidx.window:window:1.0.0] AndroidManifest.xml:27:13-37
80        <uses-library
80-->[androidx.window:window:1.0.0] AndroidManifest.xml:28:9-30:40
81            android:name="androidx.window.sidecar"
81-->[androidx.window:window:1.0.0] AndroidManifest.xml:29:13-51
82            android:required="false" />
82-->[androidx.window:window:1.0.0] AndroidManifest.xml:30:13-37
83
84        <receiver
84-->[androidx.profileinstaller:profileinstaller:1.3.1] AndroidManifest.xml:34:9-52:20
85            android:name="androidx.profileinstaller.ProfileInstallReceiver"
85-->[androidx.profileinstaller:profileinstaller:1.3.1] AndroidManifest.xml:35:13-76
86            android:directBootAware="false"
86-->[androidx.profileinstaller:profileinstaller:1.3.1] AndroidManifest.xml:36:13-44
87            android:enabled="true"
87-->[androidx.profileinstaller:profileinstaller:1.3.1] AndroidManifest.xml:37:13-35
88            android:exported="true"
88-->[androidx.profileinstaller:profileinstaller:1.3.1] AndroidManifest.xml:38:13-36
89            android:permission="android.permission.DUMP" >
89-->[androidx.profileinstaller:profileinstaller:1.3.1] AndroidManifest.xml:39:13-57
90            <intent-filter>
90-->[androidx.profileinstaller:profileinstaller:1.3.1] AndroidManifest.xml:40:13-42:29
91                <action android:name="androidx.profileinstaller.action.INSTALL_PROFILE" />
91-->[androidx.profileinstaller:profileinstaller:1.3.1] AndroidManifest.xml:41:17-91
91-->[androidx.profileinstaller:profileinstaller:1.3.1] AndroidManifest.xml:41:25-88
92            </intent-filter>
93            <intent-filter>
93-->[androidx.profileinstaller:profileinstaller:1.3.1] AndroidManifest.xml:43:13-45:29
94                <action android:name="androidx.profileinstaller.action.SKIP_FILE" />
94-->[androidx.profileinstaller:profileinstaller:1.3.1] AndroidManifest.xml:44:17-85
94-->[androidx.profileinstaller:profileinstaller:1.3.1] AndroidManifest.xml:44:25-82
95            </intent-filter>
96            <intent-filter>
96-->[androidx.profileinstaller:profileinstaller:1.3.1] AndroidManifest.xml:46:13-48:29
97                <action android:name="androidx.profileinstaller.action.SAVE_PROFILE" />
97-->[androidx.profileinstaller:profileinstaller:1.3.1] AndroidManifest.xml:47:17-88
97-->[androidx.profileinstaller:profileinstaller:1.3.1] AndroidManifest.xml:47:25-85
98            </intent-filter>
99            <intent-filter>
99-->[androidx.profileinstaller:profileinstaller:1.3.1] AndroidManifest.xml:49:13-51:29
100                <action android:name="androidx.profileinstaller.action.BENCHMARK_OPERATION" />
100-->[androidx.profileinstaller:profileinstaller:1.3.1] AndroidManifest.xml:50:17-95
100-->[androidx.profileinstaller:profileinstaller:1.3.1] AndroidManifest.xml:50:25-92
101            </intent-filter>
102        </receiver>
103    </application>
104
105</manifest>